{"uuid":"072942e2-a915-4a32-b94c-d21a0d1b4fb4","historyId":"60f5efa21b10888d1c9ff1cd9601e499","fullName":"User Registration Process Functionality: Registration fail","labels":[{"name":"tag","value":"Registration"},{"name":"tag","value":"reg02"},{"name":"host","value":"DESKTOP-QU0GECE"},{"name":"thread","value":"16800@DESKTOP-QU0GECE.main(1)"},{"name":"feature","value":"User Registration Process Functionality"},{"name":"story","value":"Registration fail"},{"name":"suite","value":"User Registration Process Functionality"},{"name":"testClass","value":"Registration fail"},{"name":"framework","value":"cucumber4jvm"},{"name":"language","value":"java"},{"name":"gherkin_uri","value":"file:///C:/Users/Pawk39/IdeaProjects/Automatisation-Playwright/src/test/java/features/registration.feature"},{"name":"package","value":"src.test.java.features.registration_feature.User Registration Process Functionality"}],"links":[],"name":"Registration fail","status":"broken","statusDetails":{"known":false,"muted":false,"flaky":false,"message":"Error {\n  message='Navigation failed because page was closed!\n=========================== logs ===========================\nnavigating to \"https://ztrain-web.vercel.app/auth/login\", waiting until \"load\"\n============================================================\n  name='Error\n  stack='Error: Navigation failed because page was closed!\n=========================== logs ===========================\nnavigating to \"https://ztrain-web.vercel.app/auth/login\", waiting until \"load\"\n============================================================\n    at C:\\Users\\Pawk39\\AppData\\Local\\Temp\\playwright-java-7639478970091149172\\package\\lib\\server\\frames.js:617:13\n    at async ProgressController.run (C:\\Users\\Pawk39\\AppData\\Local\\Temp\\playwright-java-7639478970091149172\\package\\lib\\server\\progress.js:101:22)\n    at async FrameDispatcher.goto (C:\\Users\\Pawk39\\AppData\\Local\\Temp\\playwright-java-7639478970091149172\\package\\lib\\dispatchers\\frameDispatcher.js:79:59)\n    at async DispatcherConnection.dispatch (C:\\Users\\Pawk39\\AppData\\Local\\Temp\\playwright-java-7639478970091149172\\package\\lib\\dispatchers\\dispatcher.js:352:22)\n}","trace":"com.microsoft.playwright.PlaywrightException: Error {\n  message='Navigation failed because page was closed!\n=========================== logs ===========================\nnavigating to \"https://ztrain-web.vercel.app/auth/login\", waiting until \"load\"\n============================================================\n  name='Error\n  stack='Error: Navigation failed because page was closed!\n=========================== logs ===========================\nnavigating to \"https://ztrain-web.vercel.app/auth/login\", waiting until \"load\"\n============================================================\n    at C:\\Users\\Pawk39\\AppData\\Local\\Temp\\playwright-java-7639478970091149172\\package\\lib\\server\\frames.js:617:13\n    at async ProgressController.run (C:\\Users\\Pawk39\\AppData\\Local\\Temp\\playwright-java-7639478970091149172\\package\\lib\\server\\progress.js:101:22)\n    at async FrameDispatcher.goto (C:\\Users\\Pawk39\\AppData\\Local\\Temp\\playwright-java-7639478970091149172\\package\\lib\\dispatchers\\frameDispatcher.js:79:59)\n    at async DispatcherConnection.dispatch (C:\\Users\\Pawk39\\AppData\\Local\\Temp\\playwright-java-7639478970091149172\\package\\lib\\dispatchers\\dispatcher.js:352:22)\n}\r\n\tat com.microsoft.playwright.impl.WaitableResult.get(WaitableResult.java:54)\r\n\tat com.microsoft.playwright.impl.ChannelOwner.runUntil(ChannelOwner.java:103)\r\n\tat com.microsoft.playwright.impl.Connection.sendMessage(Connection.java:115)\r\n\tat com.microsoft.playwright.impl.ChannelOwner.sendMessage(ChannelOwner.java:94)\r\n\tat com.microsoft.playwright.impl.FrameImpl.navigateImpl(FrameImpl.java:401)\r\n\tat com.microsoft.playwright.impl.PageImpl.lambda$navigate$32(PageImpl.java:802)\r\n\tat com.microsoft.playwright.impl.LoggingSupport.withLogging(LoggingSupport.java:47)\r\n\tat com.microsoft.playwright.impl.ChannelOwner.withLogging(ChannelOwner.java:79)\r\n\tat com.microsoft.playwright.impl.PageImpl.navigate(PageImpl.java:801)\r\n\tat com.microsoft.playwright.impl.PageImpl.navigate(PageImpl.java:41)\r\n\tat com.microsoft.playwright.Page.navigate(Page.java:4108)\r\n\tat step_definitions.StepDef_Registration.iMZtrainLoginPage(StepDef_Registration.java:24)\r\n\tat ✽.i'm Ztrain login page(file:///C:/Users/Pawk39/IdeaProjects/Automatisation-Playwright/src/test/java/features/registration.feature:22)\r\nCaused by: com.microsoft.playwright.impl.DriverException: Error {\n  message='Navigation failed because page was closed!\n=========================== logs ===========================\nnavigating to \"https://ztrain-web.vercel.app/auth/login\", waiting until \"load\"\n============================================================\n  name='Error\n  stack='Error: Navigation failed because page was closed!\n=========================== logs ===========================\nnavigating to \"https://ztrain-web.vercel.app/auth/login\", waiting until \"load\"\n============================================================\n    at C:\\Users\\Pawk39\\AppData\\Local\\Temp\\playwright-java-7639478970091149172\\package\\lib\\server\\frames.js:617:13\n    at async ProgressController.run (C:\\Users\\Pawk39\\AppData\\Local\\Temp\\playwright-java-7639478970091149172\\package\\lib\\server\\progress.js:101:22)\n    at async FrameDispatcher.goto (C:\\Users\\Pawk39\\AppData\\Local\\Temp\\playwright-java-7639478970091149172\\package\\lib\\dispatchers\\frameDispatcher.js:79:59)\n    at async DispatcherConnection.dispatch (C:\\Users\\Pawk39\\AppData\\Local\\Temp\\playwright-java-7639478970091149172\\package\\lib\\dispatchers\\dispatcher.js:352:22)\n}\r\n\tat com.microsoft.playwright.impl.Connection.dispatch(Connection.java:228)\r\n\tat com.microsoft.playwright.impl.Connection.processOneMessage(Connection.java:208)\r\n\tat com.microsoft.playwright.impl.ChannelOwner.runUntil(ChannelOwner.java:101)\r\n\tat com.microsoft.playwright.impl.Connection.sendMessage(Connection.java:115)\r\n\tat com.microsoft.playwright.impl.ChannelOwner.sendMessage(ChannelOwner.java:94)\r\n\tat com.microsoft.playwright.impl.FrameImpl.navigateImpl(FrameImpl.java:401)\r\n\tat com.microsoft.playwright.impl.PageImpl.lambda$navigate$32(PageImpl.java:802)\r\n\tat com.microsoft.playwright.impl.LoggingSupport.withLogging(LoggingSupport.java:47)\r\n\tat com.microsoft.playwright.impl.ChannelOwner.withLogging(ChannelOwner.java:79)\r\n\tat com.microsoft.playwright.impl.PageImpl.navigate(PageImpl.java:801)\r\n\tat com.microsoft.playwright.impl.PageImpl.navigate(PageImpl.java:41)\r\n\tat com.microsoft.playwright.Page.navigate(Page.java:4108)\r\n\tat step_definitions.StepDef_Registration.iMZtrainLoginPage(StepDef_Registration.java:24)\r\n\tat java.base/jdk.internal.reflect.NativeMethodAccessorImpl.invoke0(Native Method)\r\n\tat java.base/jdk.internal.reflect.NativeMethodAccessorImpl.invoke(NativeMethodAccessorImpl.java:77)\r\n\tat java.base/jdk.internal.reflect.DelegatingMethodAccessorImpl.invoke(DelegatingMethodAccessorImpl.java:43)\r\n\tat java.base/java.lang.reflect.Method.invoke(Method.java:568)\r\n\tat io.cucumber.java.Invoker.doInvoke(Invoker.java:66)\r\n\tat io.cucumber.java.Invoker.invoke(Invoker.java:24)\r\n\tat io.cucumber.java.AbstractGlueDefinition.invokeMethod(AbstractGlueDefinition.java:47)\r\n\tat io.cucumber.java.JavaStepDefinition.execute(JavaStepDefinition.java:29)\r\n\tat io.cucumber.core.runner.CoreStepDefinition.execute(CoreStepDefinition.java:66)\r\n\tat io.cucumber.core.runner.PickleStepDefinitionMatch.runStep(PickleStepDefinitionMatch.java:63)\r\n\tat io.cucumber.core.runner.ExecutionMode$1.execute(ExecutionMode.java:10)\r\n\tat io.cucumber.core.runner.TestStep.executeStep(TestStep.java:86)\r\n\tat io.cucumber.core.runner.TestStep.run(TestStep.java:57)\r\n\tat io.cucumber.core.runner.PickleStepTestStep.run(PickleStepTestStep.java:51)\r\n\tat io.cucumber.core.runner.TestCase.run(TestCase.java:95)\r\n\tat io.cucumber.core.runner.Runner.runPickle(Runner.java:75)\r\n\tat io.cucumber.junit.PickleRunners$NoStepDescriptions.lambda$run$0(PickleRunners.java:151)\r\n\tat io.cucumber.core.runtime.CucumberExecutionContext.lambda$runTestCase$3(CucumberExecutionContext.java:151)\r\n\tat io.cucumber.core.runtime.RethrowingThrowableCollector.executeAndThrow(RethrowingThrowableCollector.java:23)\r\n\tat io.cucumber.core.runtime.CucumberExecutionContext.runTestCase(CucumberExecutionContext.java:151)\r\n\tat io.cucumber.junit.PickleRunners$NoStepDescriptions.run(PickleRunners.java:148)\r\n\tat io.cucumber.junit.FeatureRunner.runChild(FeatureRunner.java:144)\r\n\tat io.cucumber.junit.FeatureRunner.runChild(FeatureRunner.java:28)\r\n\tat org.junit.runners.ParentRunner$4.run(ParentRunner.java:331)\r\n\tat org.junit.runners.ParentRunner$1.schedule(ParentRunner.java:79)\r\n\tat org.junit.runners.ParentRunner.runChildren(ParentRunner.java:329)\r\n\tat org.junit.runners.ParentRunner.access$100(ParentRunner.java:66)\r\n\tat org.junit.runners.ParentRunner$2.evaluate(ParentRunner.java:293)\r\n\tat org.junit.runners.ParentRunner$3.evaluate(ParentRunner.java:306)\r\n\tat org.junit.runners.ParentRunner.run(ParentRunner.java:413)\r\n\tat io.cucumber.junit.FeatureRunner.run(FeatureRunner.java:137)\r\n\tat io.cucumber.junit.Cucumber.runChild(Cucumber.java:196)\r\n\tat io.cucumber.junit.Cucumber.runChild(Cucumber.java:89)\r\n\tat org.junit.runners.ParentRunner$4.run(ParentRunner.java:331)\r\n\tat org.junit.runners.ParentRunner$1.schedule(ParentRunner.java:79)\r\n\tat org.junit.runners.ParentRunner.runChildren(ParentRunner.java:329)\r\n\tat org.junit.runners.ParentRunner.access$100(ParentRunner.java:66)\r\n\tat org.junit.runners.ParentRunner$2.evaluate(ParentRunner.java:293)\r\n\tat io.cucumber.junit.Cucumber$RunBeforeAllHooks.evaluate(Cucumber.java:266)\r\n\tat io.cucumber.junit.Cucumber$RunAfterAllHooks.evaluate(Cucumber.java:281)\r\n\tat io.cucumber.junit.Cucumber$StartTestRun.evaluate(Cucumber.java:233)\r\n\tat io.cucumber.junit.Cucumber$FinishTestRun.evaluate(Cucumber.java:248)\r\n\tat org.junit.runners.ParentRunner$3.evaluate(ParentRunner.java:306)\r\n\tat org.junit.runners.ParentRunner.run(ParentRunner.java:413)\r\n\tat org.apache.maven.surefire.junit4.JUnit4Provider.execute(JUnit4Provider.java:252)\r\n\tat org.apache.maven.surefire.junit4.JUnit4Provider.executeTestSet(JUnit4Provider.java:141)\r\n\tat org.apache.maven.surefire.junit4.JUnit4Provider.invoke(JUnit4Provider.java:112)\r\n\tat java.base/jdk.internal.reflect.NativeMethodAccessorImpl.invoke0(Native Method)\r\n\tat java.base/jdk.internal.reflect.NativeMethodAccessorImpl.invoke(NativeMethodAccessorImpl.java:77)\r\n\tat java.base/jdk.internal.reflect.DelegatingMethodAccessorImpl.invoke(DelegatingMethodAccessorImpl.java:43)\r\n\tat java.base/java.lang.reflect.Method.invoke(Method.java:568)\r\n\tat org.apache.maven.surefire.util.ReflectionUtils.invokeMethodWithArray(ReflectionUtils.java:189)\r\n\tat org.apache.maven.surefire.booter.ProviderFactory$ProviderProxy.invoke(ProviderFactory.java:165)\r\n\tat org.apache.maven.surefire.booter.ProviderFactory.invokeProvider(ProviderFactory.java:85)\r\n\tat org.apache.maven.surefire.booter.ForkedBooter.runSuitesInProcess(ForkedBooter.java:115)\r\n\tat org.apache.maven.surefire.booter.ForkedBooter.main(ForkedBooter.java:75)\r\n"},"stage":"finished","steps":[{"name":"Given  i'm Ztrain login page","status":"broken","statusDetails":{"known":false,"muted":false,"flaky":false,"message":"Error {\n  message='Navigation failed because page was closed!\n=========================== logs ===========================\nnavigating to \"https://ztrain-web.vercel.app/auth/login\", waiting until \"load\"\n============================================================\n  name='Error\n  stack='Error: Navigation failed because page was closed!\n=========================== logs ===========================\nnavigating to \"https://ztrain-web.vercel.app/auth/login\", waiting until \"load\"\n============================================================\n    at C:\\Users\\Pawk39\\AppData\\Local\\Temp\\playwright-java-7639478970091149172\\package\\lib\\server\\frames.js:617:13\n    at async ProgressController.run (C:\\Users\\Pawk39\\AppData\\Local\\Temp\\playwright-java-7639478970091149172\\package\\lib\\server\\progress.js:101:22)\n    at async FrameDispatcher.goto (C:\\Users\\Pawk39\\AppData\\Local\\Temp\\playwright-java-7639478970091149172\\package\\lib\\dispatchers\\frameDispatcher.js:79:59)\n    at async DispatcherConnection.dispatch (C:\\Users\\Pawk39\\AppData\\Local\\Temp\\playwright-java-7639478970091149172\\package\\lib\\dispatchers\\dispatcher.js:352:22)\n}","trace":"com.microsoft.playwright.PlaywrightException: Error {\n  message='Navigation failed because page was closed!\n=========================== logs ===========================\nnavigating to \"https://ztrain-web.vercel.app/auth/login\", waiting until \"load\"\n============================================================\n  name='Error\n  stack='Error: Navigation failed because page was closed!\n=========================== logs ===========================\nnavigating to \"https://ztrain-web.vercel.app/auth/login\", waiting until \"load\"\n============================================================\n    at C:\\Users\\Pawk39\\AppData\\Local\\Temp\\playwright-java-7639478970091149172\\package\\lib\\server\\frames.js:617:13\n    at async ProgressController.run (C:\\Users\\Pawk39\\AppData\\Local\\Temp\\playwright-java-7639478970091149172\\package\\lib\\server\\progress.js:101:22)\n    at async FrameDispatcher.goto (C:\\Users\\Pawk39\\AppData\\Local\\Temp\\playwright-java-7639478970091149172\\package\\lib\\dispatchers\\frameDispatcher.js:79:59)\n    at async DispatcherConnection.dispatch (C:\\Users\\Pawk39\\AppData\\Local\\Temp\\playwright-java-7639478970091149172\\package\\lib\\dispatchers\\dispatcher.js:352:22)\n}\r\n\tat com.microsoft.playwright.impl.WaitableResult.get(WaitableResult.java:54)\r\n\tat com.microsoft.playwright.impl.ChannelOwner.runUntil(ChannelOwner.java:103)\r\n\tat com.microsoft.playwright.impl.Connection.sendMessage(Connection.java:115)\r\n\tat com.microsoft.playwright.impl.ChannelOwner.sendMessage(ChannelOwner.java:94)\r\n\tat com.microsoft.playwright.impl.FrameImpl.navigateImpl(FrameImpl.java:401)\r\n\tat com.microsoft.playwright.impl.PageImpl.lambda$navigate$32(PageImpl.java:802)\r\n\tat com.microsoft.playwright.impl.LoggingSupport.withLogging(LoggingSupport.java:47)\r\n\tat com.microsoft.playwright.impl.ChannelOwner.withLogging(ChannelOwner.java:79)\r\n\tat com.microsoft.playwright.impl.PageImpl.navigate(PageImpl.java:801)\r\n\tat com.microsoft.playwright.impl.PageImpl.navigate(PageImpl.java:41)\r\n\tat com.microsoft.playwright.Page.navigate(Page.java:4108)\r\n\tat step_definitions.StepDef_Registration.iMZtrainLoginPage(StepDef_Registration.java:24)\r\n\tat ✽.i'm Ztrain login page(file:///C:/Users/Pawk39/IdeaProjects/Automatisation-Playwright/src/test/java/features/registration.feature:22)\r\nCaused by: com.microsoft.playwright.impl.DriverException: Error {\n  message='Navigation failed because page was closed!\n=========================== logs ===========================\nnavigating to \"https://ztrain-web.vercel.app/auth/login\", waiting until \"load\"\n============================================================\n  name='Error\n  stack='Error: Navigation failed because page was closed!\n=========================== logs ===========================\nnavigating to \"https://ztrain-web.vercel.app/auth/login\", waiting until \"load\"\n============================================================\n    at C:\\Users\\Pawk39\\AppData\\Local\\Temp\\playwright-java-7639478970091149172\\package\\lib\\server\\frames.js:617:13\n    at async ProgressController.run (C:\\Users\\Pawk39\\AppData\\Local\\Temp\\playwright-java-7639478970091149172\\package\\lib\\server\\progress.js:101:22)\n    at async FrameDispatcher.goto (C:\\Users\\Pawk39\\AppData\\Local\\Temp\\playwright-java-7639478970091149172\\package\\lib\\dispatchers\\frameDispatcher.js:79:59)\n    at async DispatcherConnection.dispatch (C:\\Users\\Pawk39\\AppData\\Local\\Temp\\playwright-java-7639478970091149172\\package\\lib\\dispatchers\\dispatcher.js:352:22)\n}\r\n\tat com.microsoft.playwright.impl.Connection.dispatch(Connection.java:228)\r\n\tat com.microsoft.playwright.impl.Connection.processOneMessage(Connection.java:208)\r\n\tat com.microsoft.playwright.impl.ChannelOwner.runUntil(ChannelOwner.java:101)\r\n\tat com.microsoft.playwright.impl.Connection.sendMessage(Connection.java:115)\r\n\tat com.microsoft.playwright.impl.ChannelOwner.sendMessage(ChannelOwner.java:94)\r\n\tat com.microsoft.playwright.impl.FrameImpl.navigateImpl(FrameImpl.java:401)\r\n\tat com.microsoft.playwright.impl.PageImpl.lambda$navigate$32(PageImpl.java:802)\r\n\tat com.microsoft.playwright.impl.LoggingSupport.withLogging(LoggingSupport.java:47)\r\n\tat com.microsoft.playwright.impl.ChannelOwner.withLogging(ChannelOwner.java:79)\r\n\tat com.microsoft.playwright.impl.PageImpl.navigate(PageImpl.java:801)\r\n\tat com.microsoft.playwright.impl.PageImpl.navigate(PageImpl.java:41)\r\n\tat com.microsoft.playwright.Page.navigate(Page.java:4108)\r\n\tat step_definitions.StepDef_Registration.iMZtrainLoginPage(StepDef_Registration.java:24)\r\n\tat java.base/jdk.internal.reflect.NativeMethodAccessorImpl.invoke0(Native Method)\r\n\tat java.base/jdk.internal.reflect.NativeMethodAccessorImpl.invoke(NativeMethodAccessorImpl.java:77)\r\n\tat java.base/jdk.internal.reflect.DelegatingMethodAccessorImpl.invoke(DelegatingMethodAccessorImpl.java:43)\r\n\tat java.base/java.lang.reflect.Method.invoke(Method.java:568)\r\n\tat io.cucumber.java.Invoker.doInvoke(Invoker.java:66)\r\n\tat io.cucumber.java.Invoker.invoke(Invoker.java:24)\r\n\tat io.cucumber.java.AbstractGlueDefinition.invokeMethod(AbstractGlueDefinition.java:47)\r\n\tat io.cucumber.java.JavaStepDefinition.execute(JavaStepDefinition.java:29)\r\n\tat io.cucumber.core.runner.CoreStepDefinition.execute(CoreStepDefinition.java:66)\r\n\tat io.cucumber.core.runner.PickleStepDefinitionMatch.runStep(PickleStepDefinitionMatch.java:63)\r\n\tat io.cucumber.core.runner.ExecutionMode$1.execute(ExecutionMode.java:10)\r\n\tat io.cucumber.core.runner.TestStep.executeStep(TestStep.java:86)\r\n\tat io.cucumber.core.runner.TestStep.run(TestStep.java:57)\r\n\tat io.cucumber.core.runner.PickleStepTestStep.run(PickleStepTestStep.java:51)\r\n\tat io.cucumber.core.runner.TestCase.run(TestCase.java:95)\r\n\tat io.cucumber.core.runner.Runner.runPickle(Runner.java:75)\r\n\tat io.cucumber.junit.PickleRunners$NoStepDescriptions.lambda$run$0(PickleRunners.java:151)\r\n\tat io.cucumber.core.runtime.CucumberExecutionContext.lambda$runTestCase$3(CucumberExecutionContext.java:151)\r\n\tat io.cucumber.core.runtime.RethrowingThrowableCollector.executeAndThrow(RethrowingThrowableCollector.java:23)\r\n\tat io.cucumber.core.runtime.CucumberExecutionContext.runTestCase(CucumberExecutionContext.java:151)\r\n\tat io.cucumber.junit.PickleRunners$NoStepDescriptions.run(PickleRunners.java:148)\r\n\tat io.cucumber.junit.FeatureRunner.runChild(FeatureRunner.java:144)\r\n\tat io.cucumber.junit.FeatureRunner.runChild(FeatureRunner.java:28)\r\n\tat org.junit.runners.ParentRunner$4.run(ParentRunner.java:331)\r\n\tat org.junit.runners.ParentRunner$1.schedule(ParentRunner.java:79)\r\n\tat org.junit.runners.ParentRunner.runChildren(ParentRunner.java:329)\r\n\tat org.junit.runners.ParentRunner.access$100(ParentRunner.java:66)\r\n\tat org.junit.runners.ParentRunner$2.evaluate(ParentRunner.java:293)\r\n\tat org.junit.runners.ParentRunner$3.evaluate(ParentRunner.java:306)\r\n\tat org.junit.runners.ParentRunner.run(ParentRunner.java:413)\r\n\tat io.cucumber.junit.FeatureRunner.run(FeatureRunner.java:137)\r\n\tat io.cucumber.junit.Cucumber.runChild(Cucumber.java:196)\r\n\tat io.cucumber.junit.Cucumber.runChild(Cucumber.java:89)\r\n\tat org.junit.runners.ParentRunner$4.run(ParentRunner.java:331)\r\n\tat org.junit.runners.ParentRunner$1.schedule(ParentRunner.java:79)\r\n\tat org.junit.runners.ParentRunner.runChildren(ParentRunner.java:329)\r\n\tat org.junit.runners.ParentRunner.access$100(ParentRunner.java:66)\r\n\tat org.junit.runners.ParentRunner$2.evaluate(ParentRunner.java:293)\r\n\tat io.cucumber.junit.Cucumber$RunBeforeAllHooks.evaluate(Cucumber.java:266)\r\n\tat io.cucumber.junit.Cucumber$RunAfterAllHooks.evaluate(Cucumber.java:281)\r\n\tat io.cucumber.junit.Cucumber$StartTestRun.evaluate(Cucumber.java:233)\r\n\tat io.cucumber.junit.Cucumber$FinishTestRun.evaluate(Cucumber.java:248)\r\n\tat org.junit.runners.ParentRunner$3.evaluate(ParentRunner.java:306)\r\n\tat org.junit.runners.ParentRunner.run(ParentRunner.java:413)\r\n\tat org.apache.maven.surefire.junit4.JUnit4Provider.execute(JUnit4Provider.java:252)\r\n\tat org.apache.maven.surefire.junit4.JUnit4Provider.executeTestSet(JUnit4Provider.java:141)\r\n\tat org.apache.maven.surefire.junit4.JUnit4Provider.invoke(JUnit4Provider.java:112)\r\n\tat java.base/jdk.internal.reflect.NativeMethodAccessorImpl.invoke0(Native Method)\r\n\tat java.base/jdk.internal.reflect.NativeMethodAccessorImpl.invoke(NativeMethodAccessorImpl.java:77)\r\n\tat java.base/jdk.internal.reflect.DelegatingMethodAccessorImpl.invoke(DelegatingMethodAccessorImpl.java:43)\r\n\tat java.base/java.lang.reflect.Method.invoke(Method.java:568)\r\n\tat org.apache.maven.surefire.util.ReflectionUtils.invokeMethodWithArray(ReflectionUtils.java:189)\r\n\tat org.apache.maven.surefire.booter.ProviderFactory$ProviderProxy.invoke(ProviderFactory.java:165)\r\n\tat org.apache.maven.surefire.booter.ProviderFactory.invokeProvider(ProviderFactory.java:85)\r\n\tat org.apache.maven.surefire.booter.ForkedBooter.runSuitesInProcess(ForkedBooter.java:115)\r\n\tat org.apache.maven.surefire.booter.ForkedBooter.main(ForkedBooter.java:75)\r\n"},"stage":"finished","steps":[],"attachments":[],"parameters":[],"start":1671742932326,"stop":1671742936211},{"name":"When  I click on register button","status":"skipped","statusDetails":{"known":false,"muted":false,"flaky":false},"stage":"finished","steps":[],"attachments":[],"parameters":[],"start":1671742936213,"stop":1671742936215},{"name":"And  I fill in the form with the information \"urih@gmail.com\" \"Ulrich1\" \"Ulri\"","status":"skipped","statusDetails":{"known":false,"muted":false,"flaky":false},"stage":"finished","steps":[],"attachments":[],"parameters":[],"start":1671742936216,"stop":1671742936217},{"name":"And  I clicks validation button","status":"skipped","statusDetails":{"known":false,"muted":false,"flaky":false},"stage":"finished","steps":[],"attachments":[],"parameters":[],"start":1671742936224,"stop":1671742936225},{"name":"Then  Access is denied  \"Les deux mots de passe ne sont pas identiques\"","status":"skipped","statusDetails":{"known":false,"muted":false,"flaky":false},"stage":"finished","steps":[],"attachments":[],"parameters":[],"start":1671742936233,"stop":1671742936238}],"attachments":[],"parameters":[{"name":"Email","value":"urih@gmail.com"},{"name":"Mot de passe","value":"Ulrich1"},{"name":"Confirmer votre mot de passe","value":"Ulri"}],"start":1671742932325,"stop":1671742936243}