{"uuid":"d11c0ef9-868c-47a6-a48b-564ad3bccd79","historyId":"d3cb321f04f33b1162a3034a39160477","fullName":"Login: log01 - Login successfully","labels":[{"name":"tag","value":"login"},{"name":"tag","value":"log01"},{"name":"host","value":"DESKTOP-QU0GECE"},{"name":"thread","value":"22376@DESKTOP-QU0GECE.main(1)"},{"name":"feature","value":"Login"},{"name":"story","value":"log01 - Login successfully"},{"name":"suite","value":"Login"},{"name":"testClass","value":"log01 - Login successfully"},{"name":"framework","value":"cucumber4jvm"},{"name":"language","value":"java"},{"name":"gherkin_uri","value":"file:///C:/Users/Pawk39/IdeaProjects/Automatisation-Playwright/src/test/java/features/login.feature"},{"name":"package","value":"src.test.java.features.login_feature.Login"}],"links":[],"name":"log01 - Login successfully","status":"broken","statusDetails":{"known":false,"muted":false,"flaky":false,"message":"Error {\n  message='net::ERR_ABORTED; maybe frame was detached?\n=========================== logs ===========================\nnavigating to \"https://ztrain-web.vercel.app/auth/login\", waiting until \"load\"\n============================================================\n  name='Error\n  stack='Error: net::ERR_ABORTED; maybe frame was detached?\n=========================== logs ===========================\nnavigating to \"https://ztrain-web.vercel.app/auth/login\", waiting until \"load\"\n============================================================\n    at FrameManager.frameAbortedNavigation (C:\\Users\\Pawk39\\AppData\\Local\\Temp\\playwright-java-5872635959195618858\\package\\lib\\server\\frames.js:251:14)\n    at FrameManager.requestFailed (C:\\Users\\Pawk39\\AppData\\Local\\Temp\\playwright-java-5872635959195618858\\package\\lib\\server\\frames.js:319:12)\n    at CRNetworkManager._onLoadingFailed (C:\\Users\\Pawk39\\AppData\\Local\\Temp\\playwright-java-5872635959195618858\\package\\lib\\server\\chromium\\crNetworkManager.js:430:30)\n    at CRSession.emit (node:events:390:28)\n    at C:\\Users\\Pawk39\\AppData\\Local\\Temp\\playwright-java-5872635959195618858\\package\\lib\\server\\chromium\\crConnection.js:225:14\n}","trace":"com.microsoft.playwright.PlaywrightException: Error {\n  message='net::ERR_ABORTED; maybe frame was detached?\n=========================== logs ===========================\nnavigating to \"https://ztrain-web.vercel.app/auth/login\", waiting until \"load\"\n============================================================\n  name='Error\n  stack='Error: net::ERR_ABORTED; maybe frame was detached?\n=========================== logs ===========================\nnavigating to \"https://ztrain-web.vercel.app/auth/login\", waiting until \"load\"\n============================================================\n    at FrameManager.frameAbortedNavigation (C:\\Users\\Pawk39\\AppData\\Local\\Temp\\playwright-java-5872635959195618858\\package\\lib\\server\\frames.js:251:14)\n    at FrameManager.requestFailed (C:\\Users\\Pawk39\\AppData\\Local\\Temp\\playwright-java-5872635959195618858\\package\\lib\\server\\frames.js:319:12)\n    at CRNetworkManager._onLoadingFailed (C:\\Users\\Pawk39\\AppData\\Local\\Temp\\playwright-java-5872635959195618858\\package\\lib\\server\\chromium\\crNetworkManager.js:430:30)\n    at CRSession.emit (node:events:390:28)\n    at C:\\Users\\Pawk39\\AppData\\Local\\Temp\\playwright-java-5872635959195618858\\package\\lib\\server\\chromium\\crConnection.js:225:14\n}\r\n\tat com.microsoft.playwright.impl.WaitableResult.get(WaitableResult.java:54)\r\n\tat com.microsoft.playwright.impl.ChannelOwner.runUntil(ChannelOwner.java:103)\r\n\tat com.microsoft.playwright.impl.Connection.sendMessage(Connection.java:115)\r\n\tat com.microsoft.playwright.impl.ChannelOwner.sendMessage(ChannelOwner.java:94)\r\n\tat com.microsoft.playwright.impl.FrameImpl.navigateImpl(FrameImpl.java:401)\r\n\tat com.microsoft.playwright.impl.PageImpl.lambda$navigate$32(PageImpl.java:802)\r\n\tat com.microsoft.playwright.impl.LoggingSupport.withLogging(LoggingSupport.java:47)\r\n\tat com.microsoft.playwright.impl.ChannelOwner.withLogging(ChannelOwner.java:79)\r\n\tat com.microsoft.playwright.impl.PageImpl.navigate(PageImpl.java:801)\r\n\tat com.microsoft.playwright.impl.PageImpl.navigate(PageImpl.java:41)\r\n\tat com.microsoft.playwright.Page.navigate(Page.java:4108)\r\n\tat step_definitions.StepDef_login.iOpenZtrainLoginPage(StepDef_login.java:22)\r\n\tat ✽.i open Ztrain login page(file:///C:/Users/Pawk39/IdeaProjects/Automatisation-Playwright/src/test/java/features/login.feature:7)\r\nCaused by: com.microsoft.playwright.impl.DriverException: Error {\n  message='net::ERR_ABORTED; maybe frame was detached?\n=========================== logs ===========================\nnavigating to \"https://ztrain-web.vercel.app/auth/login\", waiting until \"load\"\n============================================================\n  name='Error\n  stack='Error: net::ERR_ABORTED; maybe frame was detached?\n=========================== logs ===========================\nnavigating to \"https://ztrain-web.vercel.app/auth/login\", waiting until \"load\"\n============================================================\n    at FrameManager.frameAbortedNavigation (C:\\Users\\Pawk39\\AppData\\Local\\Temp\\playwright-java-5872635959195618858\\package\\lib\\server\\frames.js:251:14)\n    at FrameManager.requestFailed (C:\\Users\\Pawk39\\AppData\\Local\\Temp\\playwright-java-5872635959195618858\\package\\lib\\server\\frames.js:319:12)\n    at CRNetworkManager._onLoadingFailed (C:\\Users\\Pawk39\\AppData\\Local\\Temp\\playwright-java-5872635959195618858\\package\\lib\\server\\chromium\\crNetworkManager.js:430:30)\n    at CRSession.emit (node:events:390:28)\n    at C:\\Users\\Pawk39\\AppData\\Local\\Temp\\playwright-java-5872635959195618858\\package\\lib\\server\\chromium\\crConnection.js:225:14\n}\r\n\tat com.microsoft.playwright.impl.Connection.dispatch(Connection.java:228)\r\n\tat com.microsoft.playwright.impl.Connection.processOneMessage(Connection.java:208)\r\n\tat com.microsoft.playwright.impl.ChannelOwner.runUntil(ChannelOwner.java:101)\r\n\tat com.microsoft.playwright.impl.Connection.sendMessage(Connection.java:115)\r\n\tat com.microsoft.playwright.impl.ChannelOwner.sendMessage(ChannelOwner.java:94)\r\n\tat com.microsoft.playwright.impl.FrameImpl.navigateImpl(FrameImpl.java:401)\r\n\tat com.microsoft.playwright.impl.PageImpl.lambda$navigate$32(PageImpl.java:802)\r\n\tat com.microsoft.playwright.impl.LoggingSupport.withLogging(LoggingSupport.java:47)\r\n\tat com.microsoft.playwright.impl.ChannelOwner.withLogging(ChannelOwner.java:79)\r\n\tat com.microsoft.playwright.impl.PageImpl.navigate(PageImpl.java:801)\r\n\tat com.microsoft.playwright.impl.PageImpl.navigate(PageImpl.java:41)\r\n\tat com.microsoft.playwright.Page.navigate(Page.java:4108)\r\n\tat step_definitions.StepDef_login.iOpenZtrainLoginPage(StepDef_login.java:22)\r\n\tat sun.reflect.NativeMethodAccessorImpl.invoke0(Native Method)\r\n\tat sun.reflect.NativeMethodAccessorImpl.invoke(NativeMethodAccessorImpl.java:62)\r\n\tat sun.reflect.DelegatingMethodAccessorImpl.invoke(DelegatingMethodAccessorImpl.java:43)\r\n\tat java.lang.reflect.Method.invoke(Method.java:498)\r\n\tat io.cucumber.java.Invoker.doInvoke(Invoker.java:66)\r\n\tat io.cucumber.java.Invoker.invoke(Invoker.java:24)\r\n\tat io.cucumber.java.AbstractGlueDefinition.invokeMethod(AbstractGlueDefinition.java:47)\r\n\tat io.cucumber.java.JavaStepDefinition.execute(JavaStepDefinition.java:29)\r\n\tat io.cucumber.core.runner.CoreStepDefinition.execute(CoreStepDefinition.java:66)\r\n\tat io.cucumber.core.runner.PickleStepDefinitionMatch.runStep(PickleStepDefinitionMatch.java:63)\r\n\tat io.cucumber.core.runner.ExecutionMode$1.execute(ExecutionMode.java:10)\r\n\tat io.cucumber.core.runner.TestStep.executeStep(TestStep.java:86)\r\n\tat io.cucumber.core.runner.TestStep.run(TestStep.java:57)\r\n\tat io.cucumber.core.runner.PickleStepTestStep.run(PickleStepTestStep.java:51)\r\n\tat io.cucumber.core.runner.TestCase.run(TestCase.java:95)\r\n\tat io.cucumber.core.runner.Runner.runPickle(Runner.java:75)\r\n\tat io.cucumber.junit.PickleRunners$NoStepDescriptions.lambda$run$0(PickleRunners.java:151)\r\n\tat io.cucumber.core.runtime.CucumberExecutionContext.lambda$runTestCase$3(CucumberExecutionContext.java:151)\r\n\tat io.cucumber.core.runtime.RethrowingThrowableCollector.executeAndThrow(RethrowingThrowableCollector.java:23)\r\n\tat io.cucumber.core.runtime.CucumberExecutionContext.runTestCase(CucumberExecutionContext.java:151)\r\n\tat io.cucumber.junit.PickleRunners$NoStepDescriptions.run(PickleRunners.java:148)\r\n\tat io.cucumber.junit.FeatureRunner.runChild(FeatureRunner.java:144)\r\n\tat io.cucumber.junit.FeatureRunner.runChild(FeatureRunner.java:28)\r\n\tat org.junit.runners.ParentRunner$4.run(ParentRunner.java:331)\r\n\tat org.junit.runners.ParentRunner$1.schedule(ParentRunner.java:79)\r\n\tat org.junit.runners.ParentRunner.runChildren(ParentRunner.java:329)\r\n\tat org.junit.runners.ParentRunner.access$100(ParentRunner.java:66)\r\n\tat org.junit.runners.ParentRunner$2.evaluate(ParentRunner.java:293)\r\n\tat org.junit.runners.ParentRunner$3.evaluate(ParentRunner.java:306)\r\n\tat org.junit.runners.ParentRunner.run(ParentRunner.java:413)\r\n\tat io.cucumber.junit.FeatureRunner.run(FeatureRunner.java:137)\r\n\tat io.cucumber.junit.Cucumber.runChild(Cucumber.java:196)\r\n\tat io.cucumber.junit.Cucumber.runChild(Cucumber.java:89)\r\n\tat org.junit.runners.ParentRunner$4.run(ParentRunner.java:331)\r\n\tat org.junit.runners.ParentRunner$1.schedule(ParentRunner.java:79)\r\n\tat org.junit.runners.ParentRunner.runChildren(ParentRunner.java:329)\r\n\tat org.junit.runners.ParentRunner.access$100(ParentRunner.java:66)\r\n\tat org.junit.runners.ParentRunner$2.evaluate(ParentRunner.java:293)\r\n\tat io.cucumber.junit.Cucumber$RunBeforeAllHooks.evaluate(Cucumber.java:266)\r\n\tat io.cucumber.junit.Cucumber$RunAfterAllHooks.evaluate(Cucumber.java:281)\r\n\tat io.cucumber.junit.Cucumber$StartTestRun.evaluate(Cucumber.java:233)\r\n\tat io.cucumber.junit.Cucumber$FinishTestRun.evaluate(Cucumber.java:248)\r\n\tat org.junit.runners.ParentRunner$3.evaluate(ParentRunner.java:306)\r\n\tat org.junit.runners.ParentRunner.run(ParentRunner.java:413)\r\n\tat org.junit.runner.JUnitCore.run(JUnitCore.java:137)\r\n\tat com.intellij.junit4.JUnit4IdeaTestRunner.startRunnerWithArgs(JUnit4IdeaTestRunner.java:69)\r\n\tat com.intellij.rt.junit.IdeaTestRunner$Repeater$1.execute(IdeaTestRunner.java:38)\r\n\tat com.intellij.rt.execution.junit.TestsRepeater.repeat(TestsRepeater.java:11)\r\n\tat com.intellij.rt.junit.IdeaTestRunner$Repeater.startRunnerWithArgs(IdeaTestRunner.java:35)\r\n\tat com.intellij.rt.junit.JUnitStarter.prepareStreamsAndStart(JUnitStarter.java:235)\r\n\tat com.intellij.rt.junit.JUnitStarter.main(JUnitStarter.java:54)\r\n"},"stage":"finished","description":"  As a visitor of the ecommerce website\n  I want to be able to login","steps":[{"name":"Given  i open Ztrain login page","status":"broken","statusDetails":{"known":false,"muted":false,"flaky":false,"message":"Error {\n  message='net::ERR_ABORTED; maybe frame was detached?\n=========================== logs ===========================\nnavigating to \"https://ztrain-web.vercel.app/auth/login\", waiting until \"load\"\n============================================================\n  name='Error\n  stack='Error: net::ERR_ABORTED; maybe frame was detached?\n=========================== logs ===========================\nnavigating to \"https://ztrain-web.vercel.app/auth/login\", waiting until \"load\"\n============================================================\n    at FrameManager.frameAbortedNavigation (C:\\Users\\Pawk39\\AppData\\Local\\Temp\\playwright-java-5872635959195618858\\package\\lib\\server\\frames.js:251:14)\n    at FrameManager.requestFailed (C:\\Users\\Pawk39\\AppData\\Local\\Temp\\playwright-java-5872635959195618858\\package\\lib\\server\\frames.js:319:12)\n    at CRNetworkManager._onLoadingFailed (C:\\Users\\Pawk39\\AppData\\Local\\Temp\\playwright-java-5872635959195618858\\package\\lib\\server\\chromium\\crNetworkManager.js:430:30)\n    at CRSession.emit (node:events:390:28)\n    at C:\\Users\\Pawk39\\AppData\\Local\\Temp\\playwright-java-5872635959195618858\\package\\lib\\server\\chromium\\crConnection.js:225:14\n}","trace":"com.microsoft.playwright.PlaywrightException: Error {\n  message='net::ERR_ABORTED; maybe frame was detached?\n=========================== logs ===========================\nnavigating to \"https://ztrain-web.vercel.app/auth/login\", waiting until \"load\"\n============================================================\n  name='Error\n  stack='Error: net::ERR_ABORTED; maybe frame was detached?\n=========================== logs ===========================\nnavigating to \"https://ztrain-web.vercel.app/auth/login\", waiting until \"load\"\n============================================================\n    at FrameManager.frameAbortedNavigation (C:\\Users\\Pawk39\\AppData\\Local\\Temp\\playwright-java-5872635959195618858\\package\\lib\\server\\frames.js:251:14)\n    at FrameManager.requestFailed (C:\\Users\\Pawk39\\AppData\\Local\\Temp\\playwright-java-5872635959195618858\\package\\lib\\server\\frames.js:319:12)\n    at CRNetworkManager._onLoadingFailed (C:\\Users\\Pawk39\\AppData\\Local\\Temp\\playwright-java-5872635959195618858\\package\\lib\\server\\chromium\\crNetworkManager.js:430:30)\n    at CRSession.emit (node:events:390:28)\n    at C:\\Users\\Pawk39\\AppData\\Local\\Temp\\playwright-java-5872635959195618858\\package\\lib\\server\\chromium\\crConnection.js:225:14\n}\r\n\tat com.microsoft.playwright.impl.WaitableResult.get(WaitableResult.java:54)\r\n\tat com.microsoft.playwright.impl.ChannelOwner.runUntil(ChannelOwner.java:103)\r\n\tat com.microsoft.playwright.impl.Connection.sendMessage(Connection.java:115)\r\n\tat com.microsoft.playwright.impl.ChannelOwner.sendMessage(ChannelOwner.java:94)\r\n\tat com.microsoft.playwright.impl.FrameImpl.navigateImpl(FrameImpl.java:401)\r\n\tat com.microsoft.playwright.impl.PageImpl.lambda$navigate$32(PageImpl.java:802)\r\n\tat com.microsoft.playwright.impl.LoggingSupport.withLogging(LoggingSupport.java:47)\r\n\tat com.microsoft.playwright.impl.ChannelOwner.withLogging(ChannelOwner.java:79)\r\n\tat com.microsoft.playwright.impl.PageImpl.navigate(PageImpl.java:801)\r\n\tat com.microsoft.playwright.impl.PageImpl.navigate(PageImpl.java:41)\r\n\tat com.microsoft.playwright.Page.navigate(Page.java:4108)\r\n\tat step_definitions.StepDef_login.iOpenZtrainLoginPage(StepDef_login.java:22)\r\n\tat ✽.i open Ztrain login page(file:///C:/Users/Pawk39/IdeaProjects/Automatisation-Playwright/src/test/java/features/login.feature:7)\r\nCaused by: com.microsoft.playwright.impl.DriverException: Error {\n  message='net::ERR_ABORTED; maybe frame was detached?\n=========================== logs ===========================\nnavigating to \"https://ztrain-web.vercel.app/auth/login\", waiting until \"load\"\n============================================================\n  name='Error\n  stack='Error: net::ERR_ABORTED; maybe frame was detached?\n=========================== logs ===========================\nnavigating to \"https://ztrain-web.vercel.app/auth/login\", waiting until \"load\"\n============================================================\n    at FrameManager.frameAbortedNavigation (C:\\Users\\Pawk39\\AppData\\Local\\Temp\\playwright-java-5872635959195618858\\package\\lib\\server\\frames.js:251:14)\n    at FrameManager.requestFailed (C:\\Users\\Pawk39\\AppData\\Local\\Temp\\playwright-java-5872635959195618858\\package\\lib\\server\\frames.js:319:12)\n    at CRNetworkManager._onLoadingFailed (C:\\Users\\Pawk39\\AppData\\Local\\Temp\\playwright-java-5872635959195618858\\package\\lib\\server\\chromium\\crNetworkManager.js:430:30)\n    at CRSession.emit (node:events:390:28)\n    at C:\\Users\\Pawk39\\AppData\\Local\\Temp\\playwright-java-5872635959195618858\\package\\lib\\server\\chromium\\crConnection.js:225:14\n}\r\n\tat com.microsoft.playwright.impl.Connection.dispatch(Connection.java:228)\r\n\tat com.microsoft.playwright.impl.Connection.processOneMessage(Connection.java:208)\r\n\tat com.microsoft.playwright.impl.ChannelOwner.runUntil(ChannelOwner.java:101)\r\n\tat com.microsoft.playwright.impl.Connection.sendMessage(Connection.java:115)\r\n\tat com.microsoft.playwright.impl.ChannelOwner.sendMessage(ChannelOwner.java:94)\r\n\tat com.microsoft.playwright.impl.FrameImpl.navigateImpl(FrameImpl.java:401)\r\n\tat com.microsoft.playwright.impl.PageImpl.lambda$navigate$32(PageImpl.java:802)\r\n\tat com.microsoft.playwright.impl.LoggingSupport.withLogging(LoggingSupport.java:47)\r\n\tat com.microsoft.playwright.impl.ChannelOwner.withLogging(ChannelOwner.java:79)\r\n\tat com.microsoft.playwright.impl.PageImpl.navigate(PageImpl.java:801)\r\n\tat com.microsoft.playwright.impl.PageImpl.navigate(PageImpl.java:41)\r\n\tat com.microsoft.playwright.Page.navigate(Page.java:4108)\r\n\tat step_definitions.StepDef_login.iOpenZtrainLoginPage(StepDef_login.java:22)\r\n\tat sun.reflect.NativeMethodAccessorImpl.invoke0(Native Method)\r\n\tat sun.reflect.NativeMethodAccessorImpl.invoke(NativeMethodAccessorImpl.java:62)\r\n\tat sun.reflect.DelegatingMethodAccessorImpl.invoke(DelegatingMethodAccessorImpl.java:43)\r\n\tat java.lang.reflect.Method.invoke(Method.java:498)\r\n\tat io.cucumber.java.Invoker.doInvoke(Invoker.java:66)\r\n\tat io.cucumber.java.Invoker.invoke(Invoker.java:24)\r\n\tat io.cucumber.java.AbstractGlueDefinition.invokeMethod(AbstractGlueDefinition.java:47)\r\n\tat io.cucumber.java.JavaStepDefinition.execute(JavaStepDefinition.java:29)\r\n\tat io.cucumber.core.runner.CoreStepDefinition.execute(CoreStepDefinition.java:66)\r\n\tat io.cucumber.core.runner.PickleStepDefinitionMatch.runStep(PickleStepDefinitionMatch.java:63)\r\n\tat io.cucumber.core.runner.ExecutionMode$1.execute(ExecutionMode.java:10)\r\n\tat io.cucumber.core.runner.TestStep.executeStep(TestStep.java:86)\r\n\tat io.cucumber.core.runner.TestStep.run(TestStep.java:57)\r\n\tat io.cucumber.core.runner.PickleStepTestStep.run(PickleStepTestStep.java:51)\r\n\tat io.cucumber.core.runner.TestCase.run(TestCase.java:95)\r\n\tat io.cucumber.core.runner.Runner.runPickle(Runner.java:75)\r\n\tat io.cucumber.junit.PickleRunners$NoStepDescriptions.lambda$run$0(PickleRunners.java:151)\r\n\tat io.cucumber.core.runtime.CucumberExecutionContext.lambda$runTestCase$3(CucumberExecutionContext.java:151)\r\n\tat io.cucumber.core.runtime.RethrowingThrowableCollector.executeAndThrow(RethrowingThrowableCollector.java:23)\r\n\tat io.cucumber.core.runtime.CucumberExecutionContext.runTestCase(CucumberExecutionContext.java:151)\r\n\tat io.cucumber.junit.PickleRunners$NoStepDescriptions.run(PickleRunners.java:148)\r\n\tat io.cucumber.junit.FeatureRunner.runChild(FeatureRunner.java:144)\r\n\tat io.cucumber.junit.FeatureRunner.runChild(FeatureRunner.java:28)\r\n\tat org.junit.runners.ParentRunner$4.run(ParentRunner.java:331)\r\n\tat org.junit.runners.ParentRunner$1.schedule(ParentRunner.java:79)\r\n\tat org.junit.runners.ParentRunner.runChildren(ParentRunner.java:329)\r\n\tat org.junit.runners.ParentRunner.access$100(ParentRunner.java:66)\r\n\tat org.junit.runners.ParentRunner$2.evaluate(ParentRunner.java:293)\r\n\tat org.junit.runners.ParentRunner$3.evaluate(ParentRunner.java:306)\r\n\tat org.junit.runners.ParentRunner.run(ParentRunner.java:413)\r\n\tat io.cucumber.junit.FeatureRunner.run(FeatureRunner.java:137)\r\n\tat io.cucumber.junit.Cucumber.runChild(Cucumber.java:196)\r\n\tat io.cucumber.junit.Cucumber.runChild(Cucumber.java:89)\r\n\tat org.junit.runners.ParentRunner$4.run(ParentRunner.java:331)\r\n\tat org.junit.runners.ParentRunner$1.schedule(ParentRunner.java:79)\r\n\tat org.junit.runners.ParentRunner.runChildren(ParentRunner.java:329)\r\n\tat org.junit.runners.ParentRunner.access$100(ParentRunner.java:66)\r\n\tat org.junit.runners.ParentRunner$2.evaluate(ParentRunner.java:293)\r\n\tat io.cucumber.junit.Cucumber$RunBeforeAllHooks.evaluate(Cucumber.java:266)\r\n\tat io.cucumber.junit.Cucumber$RunAfterAllHooks.evaluate(Cucumber.java:281)\r\n\tat io.cucumber.junit.Cucumber$StartTestRun.evaluate(Cucumber.java:233)\r\n\tat io.cucumber.junit.Cucumber$FinishTestRun.evaluate(Cucumber.java:248)\r\n\tat org.junit.runners.ParentRunner$3.evaluate(ParentRunner.java:306)\r\n\tat org.junit.runners.ParentRunner.run(ParentRunner.java:413)\r\n\tat org.junit.runner.JUnitCore.run(JUnitCore.java:137)\r\n\tat com.intellij.junit4.JUnit4IdeaTestRunner.startRunnerWithArgs(JUnit4IdeaTestRunner.java:69)\r\n\tat com.intellij.rt.junit.IdeaTestRunner$Repeater$1.execute(IdeaTestRunner.java:38)\r\n\tat com.intellij.rt.execution.junit.TestsRepeater.repeat(TestsRepeater.java:11)\r\n\tat com.intellij.rt.junit.IdeaTestRunner$Repeater.startRunnerWithArgs(IdeaTestRunner.java:35)\r\n\tat com.intellij.rt.junit.JUnitStarter.prepareStreamsAndStart(JUnitStarter.java:235)\r\n\tat com.intellij.rt.junit.JUnitStarter.main(JUnitStarter.java:54)\r\n"},"stage":"finished","steps":[],"attachments":[],"parameters":[],"start":1671804647819,"stop":1671804651627},{"name":"And  I enter email address \"greg47@gmail.com\" and password \"Ulrich10\"","status":"skipped","statusDetails":{"known":false,"muted":false,"flaky":false},"stage":"finished","steps":[],"attachments":[],"parameters":[],"start":1671804651633,"stop":1671804651634},{"name":"And  I clicks to the login button","status":"skipped","statusDetails":{"known":false,"muted":false,"flaky":false},"stage":"finished","steps":[],"attachments":[],"parameters":[],"start":1671804651638,"stop":1671804651640},{"name":"Then  I'm login","status":"skipped","statusDetails":{"known":false,"muted":false,"flaky":false},"stage":"finished","steps":[],"attachments":[],"parameters":[],"start":1671804651641,"stop":1671804651646}],"attachments":[],"parameters":[{"name":"email","value":"greg47@gmail.com"},{"name":"password","value":"Ulrich10"}],"start":1671804647818,"stop":1671804651655}