<?xml version="1.0" encoding="UTF-8" ?>
<testsuite tests="4" failures="2" name="modules.TestRunner" time="52.904" errors="0" skipped="0">
  <properties>
[...]
</properties>
  <testcase classname="Login" name="log01 - Login successfully" time="12.154">
    <failure type="java.lang.AssertionError">java.lang.AssertionError
	at step_definitions.StepDef_login.iMLogin(StepDef_login.java:53)
	at ✽.I&apos;m login(file:///C:/Users/Pawk39/IdeaProjects/Automatisation-Playwright/src/test/java/features/login.feature:14)
</failure>
    <system-out>
@login @log01
Scenario Outline: log01 - Login successfully                           &amp;#27;[90m# src/test/java/features/login.feature:17&amp;#27;[0m
  &amp;#27;[32mGiven &amp;#27;[0m&amp;#27;[32mi open Ztrain login page&amp;#27;[0m                                       &amp;#27;[90m# step_definitions.StepDef_login.iOpenZtrainLoginPage()&amp;#27;[0m
  &amp;#27;[32mWhen &amp;#27;[0m&amp;#27;[32mI&apos;m in the login page&amp;#27;[0m                                           &amp;#27;[90m# step_definitions.StepDef_login.iMInTheLoginPage()&amp;#27;[0m
  &amp;#27;[32mAnd &amp;#27;[0m&amp;#27;[32mI enter email address &amp;#27;[0m&amp;#27;[32m&amp;#27;[1m&quot;ubogni@gmail.com&quot;&amp;#27;[0m&amp;#27;[32m and password &amp;#27;[0m&amp;#27;[32m&amp;#27;[1m&quot;Ulrich77&quot;&amp;#27;[0m &amp;#27;[90m# step_definitions.StepDef_login.loginIntoTheApplication(java.lang.String,java.lang.String)&amp;#27;[0m
  &amp;#27;[32mAnd &amp;#27;[0m&amp;#27;[32mI clicks to the login button&amp;#27;[0m                                     &amp;#27;[90m# step_definitions.StepDef_login.iClicksToTheLoginButton()&amp;#27;[0m
  &amp;#27;[31mThen &amp;#27;[0m&amp;#27;[31mI&apos;m login&amp;#27;[0m                                                       &amp;#27;[90m# step_definitions.StepDef_login.iMLogin()&amp;#27;[0m
      &amp;#27;[31mjava.lang.AssertionError
	at step_definitions.StepDef_login.iMLogin(StepDef_login.java:53)
	at âœ½.I&apos;m login(file:///C:/Users/Pawk39/IdeaProjects/Automatisation-Playwright/src/test/java/features/login.feature:14)
&amp;#27;[0m
</system-out>
    <system-err>SLF4J: Failed to load class &quot;org.slf4j.impl.StaticLoggerBinder&quot;.
SLF4J: Defaulting to no-operation (NOP) logger implementation
SLF4J: See http://www.slf4j.org/codes.html#StaticLoggerBinder for further details.
</system-err>
  </testcase>
  <testcase classname="Login" name="log02 - Login failed" time="12.016"/>
  <testcase classname="Login" name="log03 - Login fail mail" time="10.105"/>
  <testcase classname="Login" name="log04 - Logout" time="18.629">
    <failure type="java.lang.AssertionError">java.lang.AssertionError
	at step_definitions.StepDef_login.iMLogout(StepDef_login.java:86)
	at ✽.I&apos;m logout(file:///C:/Users/Pawk39/IdeaProjects/Automatisation-Playwright/src/test/java/features/login.feature:47)
</failure>
    <system-out>
@login @log04
Scenario Outline: log04 - Logout                                             &amp;#27;[90m# src/test/java/features/login.feature:50&amp;#27;[0m
  &amp;#27;[32mGiven &amp;#27;[0m&amp;#27;[32mi open Ztrain login page&amp;#27;[0m                                             &amp;#27;[90m# step_definitions.StepDef_login.iOpenZtrainLoginPage()&amp;#27;[0m
  &amp;#27;[32mWhen &amp;#27;[0m&amp;#27;[32mI&apos;m in the login page with &amp;#27;[0m&amp;#27;[32m&amp;#27;[1m&quot;ubogni@gmail.com&quot;&amp;#27;[0m&amp;#27;[32m and password &amp;#27;[0m&amp;#27;[32m&amp;#27;[1m&quot;Ulrich77&quot;&amp;#27;[0m &amp;#27;[90m# step_definitions.StepDef_login.iMInTheLoginPageWithAndPassword(java.lang.String,java.lang.String)&amp;#27;[0m
  &amp;#27;[32mAnd &amp;#27;[0m&amp;#27;[32mI clicks to the logout button&amp;#27;[0m                                          &amp;#27;[90m# step_definitions.StepDef_login.iClicksToTheLogoutButton()&amp;#27;[0m
  &amp;#27;[31mThen &amp;#27;[0m&amp;#27;[31mI&apos;m logout&amp;#27;[0m                                                            &amp;#27;[90m# step_definitions.StepDef_login.iMLogout()&amp;#27;[0m
      &amp;#27;[31mjava.lang.AssertionError
	at step_definitions.StepDef_login.iMLogout(StepDef_login.java:86)
	at âœ½.I&apos;m logout(file:///C:/Users/Pawk39/IdeaProjects/Automatisation-Playwright/src/test/java/features/login.feature:47)
&amp;#27;[0m
</system-out>
  </testcase>
</testsuite>